# JRE version: OpenJDK Runtime Environment Temurin-21.0.6+7 (21.0.6+7) (build 21.0.6+7-LTS)
# Java VM: OpenJDK 64-Bit Server VM Temurin-21.0.6+7 (21.0.6+7-LTS, mixed mode, sharing, tiered, compressed oops, compressed class ptrs, parallel gc, windows-amd64)
GC Precious Log:
 CardTable entry size: 512
 CPUs: 16 total, 16 available
 Memory: 15711M
 Large Page Support: Disabled
 NUMA Support: Disabled
 Compressed Oops: Enabled (32-bit)
 Alignments: Space 512K, Generation 512K, Heap 2M
 Heap Min Capacity: 100M
 Heap Initial Capacity: 100M
 Heap Max Capacity: 1G
 Pre-touch: Disabled
 Parallel Workers: 13
Heap:
 PSYoungGen      total 4096K, used 3662K [0x00000000eab00000, 0x00000000eb080000, 0x0000000100000000)
  eden space 3072K, 89% used [0x00000000eab00000,0x00000000eadaee50,0x00000000eae00000)
  from space 1024K, 89% used [0x00000000eae80000,0x00000000eaf64d90,0x00000000eaf80000)
  to   space 1024K, 0% used [0x00000000eaf80000,0x00000000eaf80000,0x00000000eb080000)
 ParOldGen       total 517120K, used 516861K [0x00000000c0000000, 0x00000000df900000, 0x00000000eab00000)
  object space 517120K, 99% used [0x00000000c0000000,0x00000000df8bf700,0x00000000df900000)
 Metaspace       used 63504K, committed 64896K, reserved 1114112K
  class space    used 6481K, committed 7104K, reserved 1048576K
GC Heap History (20 events):
Event: 34.617 GC heap before
{Heap before GC invocations=500 (full 3):
 PSYoungGen      total 5632K, used 5600K [0x00000000eab00000, 0x00000000eb300000, 0x0000000100000000)
  eden space 3072K, 100% used [0x00000000eab00000,0x00000000eae00000,0x00000000eae00000)
  from space 2560K, 98% used [0x00000000eb080000,0x00000000eb2f8000,0x00000000eb300000)
  to   space 2560K, 0% used [0x00000000eae00000,0x00000000eae00000,0x00000000eb080000)
 ParOldGen       total 504832K, used 504343K [0x00000000c0000000, 0x00000000ded00000, 0x00000000eab00000)
  object space 504832K, 99% used [0x00000000c0000000,0x00000000dec85c70,0x00000000ded00000)
 Metaspace       used 61445K, committed 62848K, reserved 1114112K
  class space    used 6313K, committed 6912K, reserved 1048576K
}
Event: 34.619 GC heap after
{Heap after GC invocations=500 (full 3):
 PSYoungGen      total 5632K, used 2528K [0x00000000eab00000, 0x00000000eb300000, 0x0000000100000000)
  eden space 3072K, 0% used [0x00000000eab00000,0x00000000eab00000,0x00000000eae00000)
  from space 2560K, 98% used [0x00000000eae00000,0x00000000eb078000,0x00000000eb080000)
  to   space 2560K, 0% used [0x00000000eb080000,0x00000000eb080000,0x00000000eb300000)
 ParOldGen       total 506880K, used 506751K [0x00000000c0000000, 0x00000000def00000, 0x00000000eab00000)
  object space 506880K, 99% used [0x00000000c0000000,0x00000000deedfc70,0x00000000def00000)
 Metaspace       used 61445K, committed 62848K, reserved 1114112K
  class space    used 6313K, committed 6912K, reserved 1048576K
}
Event: 34.631 GC heap before
{Heap before GC invocations=501 (full 3):
 PSYoungGen      total 5632K, used 5600K [0x00000000eab00000, 0x00000000eb300000, 0x0000000100000000)
  eden space 3072K, 100% used [0x00000000eab00000,0x00000000eae00000,0x00000000eae00000)
  from space 2560K, 98% used [0x00000000eae00000,0x00000000eb078000,0x00000000eb080000)
  to   space 2560K, 0% used [0x00000000eb080000,0x00000000eb080000,0x00000000eb300000)
 ParOldGen       total 506880K, used 506751K [0x00000000c0000000, 0x00000000def00000, 0x00000000eab00000)
  object space 506880K, 99% used [0x00000000c0000000,0x00000000deedfc70,0x00000000def00000)
 Metaspace       used 61445K, committed 62848K, reserved 1114112K
  class space    used 6313K, committed 6912K, reserved 1048576K
}
Event: 34.634 GC heap after
{Heap after GC invocations=501 (full 3):
 PSYoungGen      total 5632K, used 2528K [0x00000000eab00000, 0x00000000eb300000, 0x0000000100000000)
  eden space 3072K, 0% used [0x00000000eab00000,0x00000000eab00000,0x00000000eae00000)
  from space 2560K, 98% used [0x00000000eb080000,0x00000000eb2f8000,0x00000000eb300000)
  to   space 2560K, 0% used [0x00000000eae00000,0x00000000eae00000,0x00000000eb080000)
 ParOldGen       total 509440K, used 509119K [0x00000000c0000000, 0x00000000df180000, 0x00000000eab00000)
  object space 509440K, 99% used [0x00000000c0000000,0x00000000df12fc70,0x00000000df180000)
 Metaspace       used 61445K, committed 62848K, reserved 1114112K
  class space    used 6313K, committed 6912K, reserved 1048576K
}
Event: 34.644 GC heap before
{Heap before GC invocations=502 (full 3):
 PSYoungGen      total 5632K, used 5600K [0x00000000eab00000, 0x00000000eb300000, 0x0000000100000000)
  eden space 3072K, 100% used [0x00000000eab00000,0x00000000eae00000,0x00000000eae00000)
  from space 2560K, 98% used [0x00000000eb080000,0x00000000eb2f8000,0x00000000eb300000)
  to   space 2560K, 0% used [0x00000000eae00000,0x00000000eae00000,0x00000000eb080000)
 ParOldGen       total 509440K, used 509119K [0x00000000c0000000, 0x00000000df180000, 0x00000000eab00000)
  object space 509440K, 99% used [0x00000000c0000000,0x00000000df12fc70,0x00000000df180000)
 Metaspace       used 61445K, committed 62848K, reserved 1114112K
  class space    used 6313K, committed 6912K, reserved 1048576K
}
Event: 34.647 GC heap after
{Heap after GC invocations=502 (full 3):
 PSYoungGen      total 5632K, used 2560K [0x00000000eab00000, 0x00000000eb400000, 0x0000000100000000)
  eden space 3072K, 0% used [0x00000000eab00000,0x00000000eab00000,0x00000000eae00000)
  from space 2560K, 100% used [0x00000000eae00000,0x00000000eb080000,0x00000000eb080000)
  to   space 3072K, 0% used [0x00000000eb100000,0x00000000eb100000,0x00000000eb400000)
 ParOldGen       total 512000K, used 511503K [0x00000000c0000000, 0x00000000df400000, 0x00000000eab00000)
  object space 512000K, 99% used [0x00000000c0000000,0x00000000df383c70,0x00000000df400000)
 Metaspace       used 61445K, committed 62848K, reserved 1114112K
  class space    used 6313K, committed 6912K, reserved 1048576K
}
Event: 83.690 GC heap before
{Heap before GC invocations=503 (full 3):
 PSYoungGen      total 5632K, used 5632K [0x00000000eab00000, 0x00000000eb400000, 0x0000000100000000)
  eden space 3072K, 100% used [0x00000000eab00000,0x00000000eae00000,0x00000000eae00000)
  from space 2560K, 100% used [0x00000000eae00000,0x00000000eb080000,0x00000000eb080000)
  to   space 3072K, 0% used [0x00000000eb100000,0x00000000eb100000,0x00000000eb400000)
 ParOldGen       total 512000K, used 511503K [0x00000000c0000000, 0x00000000df400000, 0x00000000eab00000)
  object space 512000K, 99% used [0x00000000c0000000,0x00000000df383c70,0x00000000df400000)
 Metaspace       used 61478K, committed 62912K, reserved 1114112K
  class space    used 6315K, committed 6912K, reserved 1048576K
}
Event: 83.692 GC heap after
{Heap after GC invocations=503 (full 3):
 PSYoungGen      total 4096K, used 960K [0x00000000eab00000, 0x00000000eb200000, 0x0000000100000000)
  eden space 3072K, 0% used [0x00000000eab00000,0x00000000eab00000,0x00000000eae00000)
  from space 1024K, 93% used [0x00000000eb100000,0x00000000eb1f0000,0x00000000eb200000)
  to   space 2048K, 0% used [0x00000000eae00000,0x00000000eae00000,0x00000000eb000000)
 ParOldGen       total 514048K, used 513919K [0x00000000c0000000, 0x00000000df600000, 0x00000000eab00000)
  object space 514048K, 99% used [0x00000000c0000000,0x00000000df5dfc70,0x00000000df600000)
 Metaspace       used 61478K, committed 62912K, reserved 1114112K
  class space    used 6315K, committed 6912K, reserved 1048576K
}
Event: 83.733 GC heap before
{Heap before GC invocations=504 (full 3):
 PSYoungGen      total 4096K, used 4029K [0x00000000eab00000, 0x00000000eb200000, 0x0000000100000000)
  eden space 3072K, 99% used [0x00000000eab00000,0x00000000eadff7f0,0x00000000eae00000)
  from space 1024K, 93% used [0x00000000eb100000,0x00000000eb1f0000,0x00000000eb200000)
  to   space 2048K, 0% used [0x00000000eae00000,0x00000000eae00000,0x00000000eb000000)
 ParOldGen       total 514048K, used 513919K [0x00000000c0000000, 0x00000000df600000, 0x00000000eab00000)
  object space 514048K, 99% used [0x00000000c0000000,0x00000000df5dfc70,0x00000000df600000)
 Metaspace       used 61902K, committed 63360K, reserved 1114112K
  class space    used 6352K, committed 6976K, reserved 1048576K
}
Event: 83.734 GC heap after
{Heap after GC invocations=504 (full 3):
 PSYoungGen      total 5120K, used 320K [0x00000000eab00000, 0x00000000eb180000, 0x0000000100000000)
  eden space 3072K, 0% used [0x00000000eab00000,0x00000000eab00000,0x00000000eae00000)
  from space 2048K, 15% used [0x00000000eae00000,0x00000000eae50000,0x00000000eb000000)
  to   space 1024K, 0% used [0x00000000eb080000,0x00000000eb080000,0x00000000eb180000)
 ParOldGen       total 515072K, used 514695K [0x00000000c0000000, 0x00000000df700000, 0x00000000eab00000)
  object space 515072K, 99% used [0x00000000c0000000,0x00000000df6a1c80,0x00000000df700000)
 Metaspace       used 61902K, committed 63360K, reserved 1114112K
  class space    used 6352K, committed 6976K, reserved 1048576K
}
Event: 83.769 GC heap before
{Heap before GC invocations=505 (full 3):
 PSYoungGen      total 5120K, used 3355K [0x00000000eab00000, 0x00000000eb180000, 0x0000000100000000)
  eden space 3072K, 98% used [0x00000000eab00000,0x00000000eadf6f40,0x00000000eae00000)
  from space 2048K, 15% used [0x00000000eae00000,0x00000000eae50000,0x00000000eb000000)
  to   space 1024K, 0% used [0x00000000eb080000,0x00000000eb080000,0x00000000eb180000)
 ParOldGen       total 515072K, used 514695K [0x00000000c0000000, 0x00000000df700000, 0x00000000eab00000)
  object space 515072K, 99% used [0x00000000c0000000,0x00000000df6a1c80,0x00000000df700000)
 Metaspace       used 62152K, committed 63552K, reserved 1114112K
  class space    used 6367K, committed 6976K, reserved 1048576K
}
Event: 83.770 GC heap after
{Heap after GC invocations=505 (full 3):
 PSYoungGen      total 4096K, used 768K [0x00000000eab00000, 0x00000000eb180000, 0x0000000100000000)
  eden space 3072K, 0% used [0x00000000eab00000,0x00000000eab00000,0x00000000eae00000)
  from space 1024K, 75% used [0x00000000eb080000,0x00000000eb140000,0x00000000eb180000)
  to   space 1024K, 0% used [0x00000000eaf80000,0x00000000eaf80000,0x00000000eb080000)
 ParOldGen       total 515072K, used 514791K [0x00000000c0000000, 0x00000000df700000, 0x00000000eab00000)
  object space 515072K, 99% used [0x00000000c0000000,0x00000000df6b9c80,0x00000000df700000)
 Metaspace       used 62152K, committed 63552K, reserved 1114112K
  class space    used 6367K, committed 6976K, reserved 1048576K
}
Event: 83.804 GC heap before
{Heap before GC invocations=506 (full 3):
 PSYoungGen      total 4096K, used 3840K [0x00000000eab00000, 0x00000000eb180000, 0x0000000100000000)
  eden space 3072K, 100% used [0x00000000eab00000,0x00000000eae00000,0x00000000eae00000)
  from space 1024K, 75% used [0x00000000eb080000,0x00000000eb140000,0x00000000eb180000)
  to   space 1024K, 0% used [0x00000000eaf80000,0x00000000eaf80000,0x00000000eb080000)
 ParOldGen       total 515072K, used 514791K [0x00000000c0000000, 0x00000000df700000, 0x00000000eab00000)
  object space 515072K, 99% used [0x00000000c0000000,0x00000000df6b9c80,0x00000000df700000)
 Metaspace       used 62331K, committed 63744K, reserved 1114112K
  class space    used 6377K, committed 6976K, reserved 1048576K
}
Event: 83.806 GC heap after
{Heap after GC invocations=506 (full 3):
 PSYoungGen      total 4096K, used 876K [0x00000000eab00000, 0x00000000eb100000, 0x0000000100000000)
  eden space 3072K, 0% used [0x00000000eab00000,0x00000000eab00000,0x00000000eae00000)
  from space 1024K, 85% used [0x00000000eaf80000,0x00000000eb05b3a8,0x00000000eb080000)
  to   space 512K, 0% used [0x00000000eb080000,0x00000000eb080000,0x00000000eb100000)
 ParOldGen       total 515584K, used 515269K [0x00000000c0000000, 0x00000000df780000, 0x00000000eab00000)
  object space 515584K, 99% used [0x00000000c0000000,0x00000000df7316d0,0x00000000df780000)
 Metaspace       used 62331K, committed 63744K, reserved 1114112K
  class space    used 6377K, committed 6976K, reserved 1048576K
}
Event: 83.883 GC heap before
{Heap before GC invocations=507 (full 3):
 PSYoungGen      total 4096K, used 3948K [0x00000000eab00000, 0x00000000eb100000, 0x0000000100000000)
  eden space 3072K, 100% used [0x00000000eab00000,0x00000000eae00000,0x00000000eae00000)
  from space 1024K, 85% used [0x00000000eaf80000,0x00000000eb05b3a8,0x00000000eb080000)
  to   space 512K, 0% used [0x00000000eb080000,0x00000000eb080000,0x00000000eb100000)
 ParOldGen       total 515584K, used 515269K [0x00000000c0000000, 0x00000000df780000, 0x00000000eab00000)
  object space 515584K, 99% used [0x00000000c0000000,0x00000000df7316d0,0x00000000df780000)
 Metaspace       used 62599K, committed 63936K, reserved 1114112K
  class space    used 6396K, committed 6976K, reserved 1048576K
}
Event: 83.885 GC heap after
{Heap after GC invocations=507 (full 3):
 PSYoungGen      total 3584K, used 512K [0x00000000eab00000, 0x00000000eb100000, 0x0000000100000000)
  eden space 3072K, 0% used [0x00000000eab00000,0x00000000eab00000,0x00000000eae00000)
  from space 512K, 100% used [0x00000000eb080000,0x00000000eb100000,0x00000000eb100000)
  to   space 1536K, 0% used [0x00000000eae00000,0x00000000eae00000,0x00000000eaf80000)
 ParOldGen       total 516096K, used 515869K [0x00000000c0000000, 0x00000000df800000, 0x00000000eab00000)
  object space 516096K, 99% used [0x00000000c0000000,0x00000000df7c76f0,0x00000000df800000)
 Metaspace       used 62599K, committed 63936K, reserved 1114112K
  class space    used 6396K, committed 6976K, reserved 1048576K
}
Event: 83.955 GC heap before
{Heap before GC invocations=508 (full 3):
 PSYoungGen      total 3584K, used 3584K [0x00000000eab00000, 0x00000000eb100000, 0x0000000100000000)
  eden space 3072K, 100% used [0x00000000eab00000,0x00000000eae00000,0x00000000eae00000)
  from space 512K, 100% used [0x00000000eb080000,0x00000000eb100000,0x00000000eb100000)
  to   space 1536K, 0% used [0x00000000eae00000,0x00000000eae00000,0x00000000eaf80000)
 ParOldGen       total 516096K, used 515869K [0x00000000c0000000, 0x00000000df800000, 0x00000000eab00000)
  object space 516096K, 99% used [0x00000000c0000000,0x00000000df7c76f0,0x00000000df800000)
 Metaspace       used 62740K, committed 64128K, reserved 1114112K
  class space    used 6406K, committed 7040K, reserved 1048576K
}
Event: 83.956 GC heap after
{Heap after GC invocations=508 (full 3):
 PSYoungGen      total 4608K, used 864K [0x00000000eab00000, 0x00000000eb100000, 0x0000000100000000)
  eden space 3072K, 0% used [0x00000000eab00000,0x00000000eab00000,0x00000000eae00000)
  from space 1536K, 56% used [0x00000000eae00000,0x00000000eaed8000,0x00000000eaf80000)
  to   space 1024K, 0% used [0x00000000eb000000,0x00000000eb000000,0x00000000eb100000)
 ParOldGen       total 516608K, used 516325K [0x00000000c0000000, 0x00000000df880000, 0x00000000eab00000)
  object space 516608K, 99% used [0x00000000c0000000,0x00000000df839700,0x00000000df880000)
 Metaspace       used 62740K, committed 64128K, reserved 1114112K
  class space    used 6406K, committed 7040K, reserved 1048576K
}
Event: 84.018 GC heap before
{Heap before GC invocations=509 (full 3):
 PSYoungGen      total 4608K, used 3936K [0x00000000eab00000, 0x00000000eb100000, 0x0000000100000000)
  eden space 3072K, 100% used [0x00000000eab00000,0x00000000eae00000,0x00000000eae00000)
  from space 1536K, 56% used [0x00000000eae00000,0x00000000eaed8000,0x00000000eaf80000)
  to   space 1024K, 0% used [0x00000000eb000000,0x00000000eb000000,0x00000000eb100000)
 ParOldGen       total 516608K, used 516325K [0x00000000c0000000, 0x00000000df880000, 0x00000000eab00000)
  object space 516608K, 99% used [0x00000000c0000000,0x00000000df839700,0x00000000df880000)
 Metaspace       used 63170K, committed 64576K, reserved 1114112K
  class space    used 6440K, committed 7040K, reserved 1048576K
}
Event: 84.019 GC heap after
{Heap after GC invocations=509 (full 3):
 PSYoungGen      total 3584K, used 320K [0x00000000eab00000, 0x00000000eb080000, 0x0000000100000000)
  eden space 3072K, 0% used [0x00000000eab00000,0x00000000eab00000,0x00000000eae00000)
  from space 512K, 62% used [0x00000000eb000000,0x00000000eb050000,0x00000000eb080000)
  to   space 1024K, 0% used [0x00000000eae80000,0x00000000eae80000,0x00000000eaf80000)
 ParOldGen       total 517120K, used 516765K [0x00000000c0000000, 0x00000000df900000, 0x00000000eab00000)
  object space 517120K, 99% used [0x00000000c0000000,0x00000000df8a7700,0x00000000df900000)
 Metaspace       used 63170K, committed 64576K, reserved 1114112K
  class space    used 6440K, committed 7040K, reserved 1048576K
}

